<?xml version="1.0" encoding="UTF-8"?>
<!-- Generated by org.testng.reporters.JUnitReportReporter -->
<testsuite hostname="PREM-OPTIMUS" failures="0" tests="1" name="pack.NewTest1" time="0.013" errors="0" timestamp="23 May 2022 04:54:13 GMT" skipped="0">
  <testcase classname="pack.NewTest1" name="f" time="0.013"/>
</testsuite> <!-- pack.NewTest1 -->
